<?xml version="1.0" encoding="UTF-8"?>
<testng-results ignored="0" total="1" passed="1" failed="0" skipped="0">
  <reporter-output>
  </reporter-output>
  <suite started-at="2023-03-06T20:45:07 IST" name="Default suite" finished-at="2023-03-06T20:45:17 IST" duration-ms="9570">
    <groups>
    </groups>
    <test started-at="2023-03-06T20:45:07 IST" name="Default test" finished-at="2023-03-06T20:45:17 IST" duration-ms="9570">
      <class name="Tests.dropdown">
        <test-method is-config="true" signature="Setup()[pri:0, instance:Tests.dropdown@368247b9]" started-at="2023-03-06T20:45:07 IST" name="Setup" finished-at="2023-03-06T20:45:10 IST" duration-ms="2096" status="PASS">
          <reporter-output>
          </reporter-output>
        </test-method> <!-- Setup -->
        <test-method signature="dropdownHover()[pri:0, instance:Tests.dropdown@368247b9]" started-at="2023-03-06T20:45:10 IST" name="dropdownHover" finished-at="2023-03-06T20:45:16 IST" duration-ms="6848" status="PASS">
          <reporter-output>
          </reporter-output>
        </test-method> <!-- dropdownHover -->
        <test-method is-config="true" signature="tearDown()[pri:0, instance:Tests.dropdown@368247b9]" started-at="2023-03-06T20:45:16 IST" name="tearDown" finished-at="2023-03-06T20:45:17 IST" duration-ms="592" status="PASS">
          <reporter-output>
          </reporter-output>
        </test-method> <!-- tearDown -->
      </class> <!-- Tests.dropdown -->
    </test> <!-- Default test -->
  </suite> <!-- Default suite -->
</testng-results>
