<?xml version="1.0" encoding="UTF-8"?>
<!-- Generated by org.testng.reporters.JUnitXMLReporter -->
<testsuite ignored="1" hostname="HP15-BS-8TH-GEN-SERIES" failures="0" tests="2" name="Test1" time="0.069" errors="0" timestamp="2023-02-27T10:59:18 IST">
  <testcase classname="Demo.TestNGPriorityDemo" name="test1" time="0.01"/>
  <testcase classname="Demo.TestNGPriorityDemo" name="test3" time="0.001"/>
  <testcase classname="Demo.TestNGPriorityDemo" name="test2" time="0.0">
    <ignored/>
  </testcase> <!-- test2 -->
</testsuite> <!-- Test1 -->
