<?xml version="1.0" encoding="UTF-8"?>
<!-- Generated by org.testng.reporters.JUnitXMLReporter -->
<testsuite ignored="0" hostname="HP15-BS-8TH-GEN-SERIES" failures="1" tests="3" name="Test" time="72.013" errors="0" timestamp="2023-03-08T18:06:26 IST">
  <testcase classname="Tests.AmazonDynamic" name="amazonDynamicTest" time="22.121"/>
  <testcase classname="Tests.DynamicElement" name="dynamicTest" time="17.974"/>
  <testcase classname="Tests.dropdown" name="dropdownHover" time="14.465">
    <failure type="java.lang.AssertionError" message="expected [true] but found [false]">
      <![CDATA[java.lang.AssertionError: expected [true] but found [false]
at Tests.dropdown.dropdownHover(dropdown.java:72)
at java.base/java.util.ArrayList.forEach(ArrayList.java:1511)
... Removed 34 stack frames]]>
    </failure>
  </testcase> <!-- dropdownHover -->
</testsuite> <!-- Test -->
