<?xml version="1.0" encoding="UTF-8"?>
<!-- Generated by org.testng.reporters.JUnitXMLReporter -->
<testsuite ignored="2" hostname="HP15-BS-8TH-GEN-SERIES" failures="1" tests="1" name="Default test(failed)" time="0.07" errors="0" timestamp="2023-02-27T11:16:34 IST">
  <testcase classname="Demo.TestNGPriorityDemo" name="test3" time="0.028">
    <failure type="java.lang.AssertionError" message="expected [true] but found [false]">
      <![CDATA[java.lang.AssertionError: expected [true] but found [false]
at Demo.TestNGPriorityDemo.test3(TestNGPriorityDemo.java:21)
at java.base/java.util.ArrayList.forEach(ArrayList.java:1511)
... Removed 31 stack frames]]>
    </failure>
  </testcase> <!-- test3 -->
  <testcase classname="Demo.TestNGPriorityDemo" name="test2" time="0.0">
    <ignored/>
  </testcase> <!-- test2 -->
  <testcase classname="Demo.TestNGPriorityDemo" name="test1" time="0.0">
    <ignored/>
  </testcase> <!-- test1 -->
</testsuite> <!-- Default test(failed) -->
